<?xml version="1.0" encoding="UTF-8"?>
<!-- Generated by org.testng.reporters.JUnitReportReporter -->
<testsuite hostname="del1-lhp-n00215" name="testNGExample.ToValidatePriorityForTestMethods" tests="3" failures="0" timestamp="19 Jun 2018 06:39:21 GMT" time="0.013" errors="0">
  <testcase name="testcase1" time="0.002" classname="testNGExample.ToValidatePriorityForTestMethods"/>
  <testcase name="testcase2" time="0.001" classname="testNGExample.ToValidatePriorityForTestMethods"/>
  <testcase name="testcase0" time="0.010" classname="testNGExample.ToValidatePriorityForTestMethods"/>
</testsuite> <!-- testNGExample.ToValidatePriorityForTestMethods -->
