<?xml version="1.0" encoding="UTF-8"?>
<!-- Generated by org.testng.reporters.JUnitReportReporter -->
<testsuite hostname="del1-lhp-n00215" name="testNGExample.BasicAnnotationExample" tests="2" failures="0" timestamp="18 Jun 2018 10:36:40 GMT" time="0.020" errors="0">
  <testcase name="testcase2" time="0.010" classname="testNGExample.BasicAnnotationExample"/>
  <testcase name="testcase1" time="0.010" classname="testNGExample.BasicAnnotationExample"/>
</testsuite> <!-- testNGExample.BasicAnnotationExample -->
