<?xml version="1.0" encoding="UTF-8"?>
<!-- Generated by org.testng.reporters.JUnitReportReporter -->
<testsuite hostname="del1-lhp-n00215" name="testNGExample.ParameterizationExample" tests="2" failures="0" timestamp="19 Jun 2018 06:34:58 GMT" time="0.014" errors="0">
  <testcase name="toDisplayTheBrowserName" time="0.012" classname="testNGExample.ParameterizationExample"/>
  <testcase name="toDisplayUserPass" time="0.002" classname="testNGExample.ParameterizationExample"/>
</testsuite> <!-- testNGExample.ParameterizationExample -->
