<?xml version="1.0" encoding="UTF-8"?>
<!-- Generated by org.testng.reporters.JUnitReportReporter -->
<testsuite hostname="del1-lhp-n00215" name="testNGExample.AssertExample" tests="6" failures="0" timestamp="18 Jun 2018 11:06:52 GMT" time="0.010" errors="0">
  <testcase name="testcase4" time="0.000" classname="testNGExample.AssertExample"/>
  <testcase name="testcase6" time="0.000" classname="testNGExample.AssertExample"/>
  <testcase name="testcase1" time="0.010" classname="testNGExample.AssertExample"/>
  <testcase name="testcase5" time="0.000" classname="testNGExample.AssertExample"/>
  <testcase name="testcase2" time="0.000" classname="testNGExample.AssertExample"/>
  <testcase name="testcase3" time="0.000" classname="testNGExample.AssertExample"/>
</testsuite> <!-- testNGExample.AssertExample -->
