<?xml version="1.0" encoding="UTF-8"?>
<!-- Generated by org.testng.reporters.JUnitReportReporter -->
<testsuite hostname="del1-lhp-n00215" name="testNGExample.DataProviderExample" tests="2" failures="0" timestamp="19 Jun 2018 07:00:29 GMT" time="0.011" errors="0">
  <testcase name="testForLogin" time="0.010" classname="testNGExample.DataProviderExample"/>
  <testcase name="testForLogin" time="0.001" classname="testNGExample.DataProviderExample"/>
</testsuite> <!-- testNGExample.DataProviderExample -->
