<?xml version="1.0" encoding="UTF-8"?>
<!-- Generated by org.testng.reporters.JUnitReportReporter -->
<testsuite hostname="del1-lhp-n00215" name="testNGExample.DataProviderExample2" tests="2" failures="0" timestamp="19 Jun 2018 07:03:36 GMT" time="0.010" errors="0">
  <testcase name="testForLogin" time="0.009" classname="testNGExample.DataProviderExample2"/>
  <testcase name="testForLogin" time="0.001" classname="testNGExample.DataProviderExample2"/>
</testsuite> <!-- testNGExample.DataProviderExample2 -->
